<?xml version="1.0" encoding="UTF-8"?>
<!-- Generated by org.testng.reporters.JUnitReportReporter -->
<testsuite skipped="0" hostname="INBLRWIT238540" name="com.volvo.gloria.GenericLibrary.Test" tests="1" failures="0" timestamp="17 Dec 2019 07:11:49 GMT" time="0.568" errors="0">
  <testcase name="GetProcureDetailsGLAccountsTest" time="0.568" classname="com.volvo.gloria.GenericLibrary.Test"/>
</testsuite> <!-- com.volvo.gloria.GenericLibrary.Test -->
