<?xml version="1.0" encoding="UTF-8"?>
<!-- Generated by org.testng.reporters.JUnitReportReporter -->
<testsuite skipped="0" hostname="INBLRWIT238540" name="com.volvo.gloria.Procurement.GetInboxTest" tests="24" failures="0" timestamp="09 Jan 2020 13:16:25 GMT" time="11.786" errors="0">
  <testcase name="GetInboxAlertChangeTest" time="0.485" classname="com.volvo.gloria.Procurement.GetInboxTest"/>
  <testcase name="GetInboxAlertonProcurementTest" time="0.475" classname="com.volvo.gloria.Procurement.GetInboxTest"/>
  <testcase name="GetInboxProcurementTeamsTest" time="0.619" classname="com.volvo.gloria.Procurement.GetInboxTest"/>
  <testcase name="GetInboxAlertChangeTest" time="0.516" classname="com.volvo.gloria.Procurement.GetInboxTest"/>
  <testcase name="GetInboxAlertonProcurementTest" time="0.336" classname="com.volvo.gloria.Procurement.GetInboxTest"/>
  <testcase name="GetInboxAlertonProcurementTest" time="0.476" classname="com.volvo.gloria.Procurement.GetInboxTest"/>
  <testcase name="GetInboxAlertChangeTest" time="0.489" classname="com.volvo.gloria.Procurement.GetInboxTest"/>
  <testcase name="GetInboxAlertonProcurementTest" time="0.469" classname="com.volvo.gloria.Procurement.GetInboxTest"/>
  <testcase name="GetInboxAlertChangeTest" time="0.496" classname="com.volvo.gloria.Procurement.GetInboxTest"/>
  <testcase name="GetInboxAlertChangeTest" time="0.509" classname="com.volvo.gloria.Procurement.GetInboxTest"/>
  <testcase name="GetInboxProcurementTest" time="0.507" classname="com.volvo.gloria.Procurement.GetInboxTest"/>
  <testcase name="GetInboxAlertonProcurementTest" time="0.481" classname="com.volvo.gloria.Procurement.GetInboxTest"/>
  <testcase name="GetInboxAlertonProcurementTest" time="0.472" classname="com.volvo.gloria.Procurement.GetInboxTest"/>
  <testcase name="GetInboxAlertonProcurementTest" time="0.478" classname="com.volvo.gloria.Procurement.GetInboxTest"/>
  <testcase name="GetInboxAlertChangeTest" time="0.522" classname="com.volvo.gloria.Procurement.GetInboxTest"/>
  <testcase name="GetInboxAlertonProcurementTest" time="0.486" classname="com.volvo.gloria.Procurement.GetInboxTest"/>
  <testcase name="GetInboxAlertonProcurementTest" time="0.478" classname="com.volvo.gloria.Procurement.GetInboxTest"/>
  <testcase name="GetInboxAlertChangeTest" time="0.489" classname="com.volvo.gloria.Procurement.GetInboxTest"/>
  <testcase name="GetInboxAlertChangeTest" time="0.478" classname="com.volvo.gloria.Procurement.GetInboxTest"/>
  <testcase name="GetInboxAlertonProcurementTest" time="0.476" classname="com.volvo.gloria.Procurement.GetInboxTest"/>
  <testcase name="GetInboxAlertonProcurementTest" time="0.471" classname="com.volvo.gloria.Procurement.GetInboxTest"/>
  <testcase name="GetInboxAlertChangeTest" time="0.487" classname="com.volvo.gloria.Procurement.GetInboxTest"/>
  <testcase name="GetInboxAlertChangeTest" time="0.489" classname="com.volvo.gloria.Procurement.GetInboxTest"/>
  <testcase name="GetInboxAlertChangeTest" time="0.602" classname="com.volvo.gloria.Procurement.GetInboxTest"/>
</testsuite> <!-- com.volvo.gloria.Procurement.GetInboxTest -->
