<?xml version="1.0" encoding="UTF-8"?>
<!-- Generated by org.testng.reporters.JUnitReportReporter -->
<testsuite skipped="0" hostname="INBLRWIT238540" name="com.volvo.gloria.MaterialOverview.MaterialOverviewTest" tests="1" failures="0" timestamp="04 Mar 2020 13:03:44 GMT" time="2.322" errors="0">
  <testcase name="GETMaterialOverviewMTRIDSearch" time="2.322" classname="com.volvo.gloria.MaterialOverview.MaterialOverviewTest"/>
</testsuite> <!-- com.volvo.gloria.MaterialOverview.MaterialOverviewTest -->
