<?xml version="1.0" encoding="UTF-8"?>
<!-- Generated by org.testng.reporters.JUnitReportReporter -->
<testsuite skipped="0" hostname="INBLRWIT238540" name="com.volvo.gloria.Procurement.GetProcuredTest" tests="10" failures="0" timestamp="06 Mar 2020 14:07:27 GMT" time="4.525" errors="0">
  <testcase name="GetProcuredLinesTest" time="0.593" classname="com.volvo.gloria.Procurement.GetProcuredTest"/>
  <testcase name="GetProcuredLinesTest" time="0.483" classname="com.volvo.gloria.Procurement.GetProcuredTest"/>
  <testcase name="GetProcuredLinesTest" time="0.354" classname="com.volvo.gloria.Procurement.GetProcuredTest"/>
  <testcase name="GetProcuredLinesTest" time="0.451" classname="com.volvo.gloria.Procurement.GetProcuredTest"/>
  <testcase name="GetProcuredLinesTest" time="0.516" classname="com.volvo.gloria.Procurement.GetProcuredTest"/>
  <testcase name="GetProcuredLinesTest" time="0.366" classname="com.volvo.gloria.Procurement.GetProcuredTest"/>
  <testcase name="GetProcuredLinesTest" time="0.462" classname="com.volvo.gloria.Procurement.GetProcuredTest"/>
  <testcase name="GetProcuredLinesTest" time="0.497" classname="com.volvo.gloria.Procurement.GetProcuredTest"/>
  <testcase name="GetProcuredLinesTest" time="0.433" classname="com.volvo.gloria.Procurement.GetProcuredTest"/>
  <testcase name="GetProcuredLinesTest" time="0.370" classname="com.volvo.gloria.Procurement.GetProcuredTest"/>
</testsuite> <!-- com.volvo.gloria.Procurement.GetProcuredTest -->
