<?xml version="1.0" encoding="UTF-8"?>
<!-- Generated by org.testng.reporters.JUnitReportReporter -->
<testsuite skipped="0" hostname="INBLRWIT238540" name="com.volvo.gloria.Procurement.GetProcuredDetailsTest" tests="2" failures="0" timestamp="06 Mar 2020 14:07:27 GMT" time="0.698" errors="0">
  <testcase name="GetQualityDocumentsTest" time="0.348" classname="com.volvo.gloria.Procurement.GetProcuredDetailsTest"/>
  <testcase name="GetDangerousGoodsTest" time="0.350" classname="com.volvo.gloria.Procurement.GetProcuredDetailsTest"/>
</testsuite> <!-- com.volvo.gloria.Procurement.GetProcuredDetailsTest -->
