<?xml version="1.0" encoding="UTF-8"?>
<!-- Generated by org.testng.reporters.JUnitReportReporter -->
<testsuite skipped="0" hostname="INBLRWIT238540" name="com.volvo.gloria.Procurement.GetChangeTest" tests="10" failures="0" timestamp="06 Mar 2020 14:07:27 GMT" time="4.580" errors="0">
  <testcase name="GetChangeProcurementTest" time="0.480" classname="com.volvo.gloria.Procurement.GetChangeTest"/>
  <testcase name="GetChangeProcurementTest" time="0.563" classname="com.volvo.gloria.Procurement.GetChangeTest"/>
  <testcase name="GetChangeProcurementTest" time="0.383" classname="com.volvo.gloria.Procurement.GetChangeTest"/>
  <testcase name="GetChangeProcurementTest" time="0.415" classname="com.volvo.gloria.Procurement.GetChangeTest"/>
  <testcase name="GetChangeProcurementTest" time="0.477" classname="com.volvo.gloria.Procurement.GetChangeTest"/>
  <testcase name="GetChangeProcurementTest" time="0.529" classname="com.volvo.gloria.Procurement.GetChangeTest"/>
  <testcase name="GetChangeProcurementTest" time="0.390" classname="com.volvo.gloria.Procurement.GetChangeTest"/>
  <testcase name="GetChangeProcurementTest" time="0.413" classname="com.volvo.gloria.Procurement.GetChangeTest"/>
  <testcase name="GetChangeProcurementTest" time="0.400" classname="com.volvo.gloria.Procurement.GetChangeTest"/>
  <testcase name="GetChangeProcurementTest" time="0.530" classname="com.volvo.gloria.Procurement.GetChangeTest"/>
</testsuite> <!-- com.volvo.gloria.Procurement.GetChangeTest -->
