<?xml version="1.0" encoding="UTF-8"?>
<!-- Generated by org.testng.reporters.JUnitReportReporter -->
<testsuite skipped="0" hostname="INBLRWIT238540" name="com.volvo.gloria.CreateMaterialRequest.MaterialRequestPageTest" tests="1" failures="0" timestamp="06 Mar 2020 14:07:27 GMT" time="0.974" errors="0">
  <testcase name="GetMaterialRequestPageTest" time="0.974" classname="com.volvo.gloria.CreateMaterialRequest.MaterialRequestPageTest"/>
</testsuite> <!-- com.volvo.gloria.CreateMaterialRequest.MaterialRequestPageTest -->
