<?xml version="1.0" encoding="UTF-8"?>
<!-- Generated by org.testng.reporters.JUnitReportReporter -->
<testsuite skipped="0" hostname="INBLRWIT238540" name="com.volvo.gloria.CreateMaterialRequest.CreateNewMaterialRequestTest" tests="41" failures="0" timestamp="06 Mar 2020 14:07:27 GMT" time="33.453" errors="0">
  <testcase name="GETMaterialRequestGLAccounts" time="0.729" classname="com.volvo.gloria.CreateMaterialRequest.CreateNewMaterialRequestTest"/>
  <testcase name="GETMaterialRequestCostCenter" time="0.402" classname="com.volvo.gloria.CreateMaterialRequest.CreateNewMaterialRequestTest"/>
  <testcase name="GETMaterialRequestProjects" time="0.698" classname="com.volvo.gloria.CreateMaterialRequest.CreateNewMaterialRequestTest"/>
  <testcase name="GETMaterialRequestBuildLocation" time="0.776" classname="com.volvo.gloria.CreateMaterialRequest.CreateNewMaterialRequestTest"/>
  <testcase name="GETMaterialRequestGLAccounts" time="0.735" classname="com.volvo.gloria.CreateMaterialRequest.CreateNewMaterialRequestTest"/>
  <testcase name="GETMaterialRequestProjects" time="0.692" classname="com.volvo.gloria.CreateMaterialRequest.CreateNewMaterialRequestTest"/>
  <testcase name="GETMaterialRequestCompanyCodes" time="0.447" classname="com.volvo.gloria.CreateMaterialRequest.CreateNewMaterialRequestTest"/>
  <testcase name="GETMaterialRequestCostCenter" time="0.529" classname="com.volvo.gloria.CreateMaterialRequest.CreateNewMaterialRequestTest"/>
  <testcase name="GETMaterialRequestGLAccounts" time="0.940" classname="com.volvo.gloria.CreateMaterialRequest.CreateNewMaterialRequestTest"/>
  <testcase name="GETMaterialRequestCostCenter" time="0.389" classname="com.volvo.gloria.CreateMaterialRequest.CreateNewMaterialRequestTest"/>
  <testcase name="GETMaterialRequestProjects" time="0.776" classname="com.volvo.gloria.CreateMaterialRequest.CreateNewMaterialRequestTest"/>
  <testcase name="GETMaterialRequestusers" time="1.116" classname="com.volvo.gloria.CreateMaterialRequest.CreateNewMaterialRequestTest"/>
  <testcase name="GETMaterialRequestProjects" time="0.691" classname="com.volvo.gloria.CreateMaterialRequest.CreateNewMaterialRequestTest"/>
  <testcase name="GETMaterialRequestProjects" time="0.749" classname="com.volvo.gloria.CreateMaterialRequest.CreateNewMaterialRequestTest"/>
  <testcase name="GETMaterialRequestProjects" time="0.737" classname="com.volvo.gloria.CreateMaterialRequest.CreateNewMaterialRequestTest"/>
  <testcase name="PUTMaterialRequestSend" time="0.507" classname="com.volvo.gloria.CreateMaterialRequest.CreateNewMaterialRequestTest"/>
  <testcase name="GETMaterialRequestGLAccounts" time="0.779" classname="com.volvo.gloria.CreateMaterialRequest.CreateNewMaterialRequestTest"/>
  <testcase name="GETMaterialRequestCostCenter" time="0.365" classname="com.volvo.gloria.CreateMaterialRequest.CreateNewMaterialRequestTest"/>
  <testcase name="PUTMaterialRequestPreSend" time="0.394" classname="com.volvo.gloria.CreateMaterialRequest.CreateNewMaterialRequestTest"/>
  <testcase name="GETMaterialRequestprocureteammembers" time="7.413" classname="com.volvo.gloria.CreateMaterialRequest.CreateNewMaterialRequestTest"/>
  <testcase name="GETMaterialRequestGLAccounts" time="0.737" classname="com.volvo.gloria.CreateMaterialRequest.CreateNewMaterialRequestTest"/>
  <testcase name="GETMaterialRequestProjects" time="0.927" classname="com.volvo.gloria.CreateMaterialRequest.CreateNewMaterialRequestTest"/>
  <testcase name="GETMaterialRequestProjects" time="0.688" classname="com.volvo.gloria.CreateMaterialRequest.CreateNewMaterialRequestTest"/>
  <testcase name="GETMaterialRequestValidMC" time="0.690" classname="com.volvo.gloria.CreateMaterialRequest.CreateNewMaterialRequestTest"/>
  <testcase name="GETMaterialRequestCostCenter" time="0.394" classname="com.volvo.gloria.CreateMaterialRequest.CreateNewMaterialRequestTest"/>
  <testcase name="GETMaterialRequestCostCenter" time="0.363" classname="com.volvo.gloria.CreateMaterialRequest.CreateNewMaterialRequestTest"/>
  <testcase name="GETMaterialRequestCostCenter" time="0.369" classname="com.volvo.gloria.CreateMaterialRequest.CreateNewMaterialRequestTest"/>
  <testcase name="POSTMaterialRequestAddHeader" time="0.643" classname="com.volvo.gloria.CreateMaterialRequest.CreateNewMaterialRequestTest"/>
  <testcase name="GETMaterialRequestWBS" time="0.597" classname="com.volvo.gloria.CreateMaterialRequest.CreateNewMaterialRequestTest"/>
  <testcase name="GETMaterialRequestCostCenter" time="0.375" classname="com.volvo.gloria.CreateMaterialRequest.CreateNewMaterialRequestTest"/>
  <testcase name="GETMaterialRequestGLAccounts" time="0.754" classname="com.volvo.gloria.CreateMaterialRequest.CreateNewMaterialRequestTest"/>
  <testcase name="GETMaterialRequestCostCenter" time="0.372" classname="com.volvo.gloria.CreateMaterialRequest.CreateNewMaterialRequestTest"/>
  <testcase name="GETMaterialRequestCostCenter" time="0.382" classname="com.volvo.gloria.CreateMaterialRequest.CreateNewMaterialRequestTest"/>
  <testcase name="GETMaterialRequestProjects" time="0.720" classname="com.volvo.gloria.CreateMaterialRequest.CreateNewMaterialRequestTest"/>
  <testcase name="GETMaterialRequestGLAccounts" time="0.733" classname="com.volvo.gloria.CreateMaterialRequest.CreateNewMaterialRequestTest"/>
  <testcase name="GETMaterialRequestGLAccounts" time="0.758" classname="com.volvo.gloria.CreateMaterialRequest.CreateNewMaterialRequestTest"/>
  <testcase name="GETMaterialRequestGLAccounts" time="0.814" classname="com.volvo.gloria.CreateMaterialRequest.CreateNewMaterialRequestTest"/>
  <testcase name="GETMaterialRequestProjects" time="0.719" classname="com.volvo.gloria.CreateMaterialRequest.CreateNewMaterialRequestTest"/>
  <testcase name="GETMaterialRequestGLAccounts" time="0.818" classname="com.volvo.gloria.CreateMaterialRequest.CreateNewMaterialRequestTest"/>
  <testcase name="POSTMaterialRequestAddPart" time="0.382" classname="com.volvo.gloria.CreateMaterialRequest.CreateNewMaterialRequestTest"/>
  <testcase name="DeleteMaterialRequest" time="1.354" classname="com.volvo.gloria.CreateMaterialRequest.CreateNewMaterialRequestTest"/>
</testsuite> <!-- com.volvo.gloria.CreateMaterialRequest.CreateNewMaterialRequestTest -->
