<?xml version="1.0" encoding="UTF-8"?>
<!-- Generated by org.testng.reporters.JUnitReportReporter -->
<testsuite skipped="0" hostname="INBLRWIT238540" name="com.volvo.gloria.Procurement.GetOnBuildSiteTest" tests="10" failures="0" timestamp="06 Mar 2020 14:07:27 GMT" time="4.075" errors="0">
  <testcase name="GetBuildSiteProcurelinesTest" time="0.444" classname="com.volvo.gloria.Procurement.GetOnBuildSiteTest"/>
  <testcase name="GetBuildSiteProcurelinesTest" time="0.415" classname="com.volvo.gloria.Procurement.GetOnBuildSiteTest"/>
  <testcase name="GetBuildSiteProcurelinesTest" time="0.445" classname="com.volvo.gloria.Procurement.GetOnBuildSiteTest"/>
  <testcase name="GetBuildSiteProcurelinesTest" time="0.418" classname="com.volvo.gloria.Procurement.GetOnBuildSiteTest"/>
  <testcase name="GetBuildSiteProcurelinesTest" time="0.355" classname="com.volvo.gloria.Procurement.GetOnBuildSiteTest"/>
  <testcase name="GetBuildSiteProcurelinesTest" time="0.406" classname="com.volvo.gloria.Procurement.GetOnBuildSiteTest"/>
  <testcase name="GetBuildSiteProcurelinesTest" time="0.414" classname="com.volvo.gloria.Procurement.GetOnBuildSiteTest"/>
  <testcase name="GetBuildSiteProcurelinesTest" time="0.392" classname="com.volvo.gloria.Procurement.GetOnBuildSiteTest"/>
  <testcase name="GetBuildSiteProcurelinesTest" time="0.422" classname="com.volvo.gloria.Procurement.GetOnBuildSiteTest"/>
  <testcase name="GetBuildSiteProcurelinesTest" time="0.364" classname="com.volvo.gloria.Procurement.GetOnBuildSiteTest"/>
</testsuite> <!-- com.volvo.gloria.Procurement.GetOnBuildSiteTest -->
