<?xml version="1.0" encoding="UTF-8"?>
<!-- Generated by org.testng.reporters.JUnitReportReporter -->
<testsuite skipped="0" hostname="INBLRWIT238540" name="com.volvo.gloria.Procurement.GetExceptionTest" tests="10" failures="0" timestamp="06 Mar 2020 14:07:27 GMT" time="4.352" errors="0">
  <testcase name="GetUsageReplacedMaterialsTest" time="0.442" classname="com.volvo.gloria.Procurement.GetExceptionTest"/>
  <testcase name="GetUsageReplacedMaterialsTest" time="0.416" classname="com.volvo.gloria.Procurement.GetExceptionTest"/>
  <testcase name="GetUsageReplacedMaterialsTest" time="0.413" classname="com.volvo.gloria.Procurement.GetExceptionTest"/>
  <testcase name="GetUsageReplacedMaterialsTest" time="0.417" classname="com.volvo.gloria.Procurement.GetExceptionTest"/>
  <testcase name="GetUsageReplacedMaterialsTest" time="0.582" classname="com.volvo.gloria.Procurement.GetExceptionTest"/>
  <testcase name="GetUsageReplacedMaterialsTest" time="0.399" classname="com.volvo.gloria.Procurement.GetExceptionTest"/>
  <testcase name="GetUsageReplacedMaterialsTest" time="0.405" classname="com.volvo.gloria.Procurement.GetExceptionTest"/>
  <testcase name="GetUsageReplacedMaterialsTest" time="0.426" classname="com.volvo.gloria.Procurement.GetExceptionTest"/>
  <testcase name="GetUsageReplacedMaterialsTest" time="0.423" classname="com.volvo.gloria.Procurement.GetExceptionTest"/>
  <testcase name="GetUsageReplacedMaterialsTest" time="0.429" classname="com.volvo.gloria.Procurement.GetExceptionTest"/>
</testsuite> <!-- com.volvo.gloria.Procurement.GetExceptionTest -->
