<?xml version="1.0" encoding="UTF-8"?>
<!-- Generated by org.testng.reporters.JUnitReportReporter -->
<testsuite skipped="0" hostname="INBLRWIT238540" name="com.volvo.gloria.RequestListOverview.RequestListOverviewTest" tests="3" failures="2" timestamp="06 Mar 2020 14:07:27 GMT" time="1.504" errors="0">
  <testcase name="GetRequestListOverviewSites" time="0.414" classname="com.volvo.gloria.RequestListOverview.RequestListOverviewTest">
    <failure type="java.lang.AssertionError" message="1 expectation failed.
Expected status code &lt;200&gt; but was &lt;401&gt;.
">
      <![CDATA[java.lang.AssertionError: 1 expectation failed.
Expected status code <200> but was <401>.

at sun.reflect.GeneratedConstructorAccessor69.newInstance(Unknown Source)
at sun.reflect.DelegatingConstructorAccessorImpl.newInstance(DelegatingConstructorAccessorImpl.java:45)
at java.lang.reflect.Constructor.newInstance(Constructor.java:423)
at org.codehaus.groovy.reflection.CachedConstructor.invoke(CachedConstructor.java:80)
at org.codehaus.groovy.reflection.CachedConstructor.doConstructorInvoke(CachedConstructor.java:74)
at org.codehaus.groovy.runtime.callsite.ConstructorSite$ConstructorSiteNoUnwrap.callConstructor(ConstructorSite.java:84)
at org.codehaus.groovy.runtime.callsite.AbstractCallSite.callConstructor(AbstractCallSite.java:249)
at io.restassured.internal.ResponseSpecificationImpl$HamcrestAssertionClosure.validate(ResponseSpecificationImpl.groovy:493)
at io.restassured.internal.ResponseSpecificationImpl$HamcrestAssertionClosure$validate$1.call(Unknown Source)
at io.restassured.internal.ResponseSpecificationImpl.validateResponseIfRequired(ResponseSpecificationImpl.groovy:674)
at sun.reflect.GeneratedMethodAccessor64.invoke(Unknown Source)
at sun.reflect.DelegatingMethodAccessorImpl.invoke(DelegatingMethodAccessorImpl.java:43)
at java.lang.reflect.Method.invoke(Method.java:498)
at org.codehaus.groovy.runtime.callsite.PlainObjectMetaMethodSite.doInvoke(PlainObjectMetaMethodSite.java:43)
at org.codehaus.groovy.runtime.callsite.PogoMetaMethodSite$PogoCachedMethodSiteNoUnwrapNoCoerce.invoke(PogoMetaMethodSite.java:190)
at org.codehaus.groovy.runtime.callsite.PogoMetaMethodSite.callCurrent(PogoMetaMethodSite.java:58)
at org.codehaus.groovy.runtime.callsite.AbstractCallSite.callCurrent(AbstractCallSite.java:168)
at io.restassured.internal.ResponseSpecificationImpl.statusCode(ResponseSpecificationImpl.groovy:126)
at io.restassured.specification.ResponseSpecification$statusCode$0.callCurrent(Unknown Source)
at io.restassured.internal.ResponseSpecificationImpl.statusCode(ResponseSpecificationImpl.groovy:134)
at io.restassured.internal.ValidatableResponseOptionsImpl.statusCode(ValidatableResponseOptionsImpl.java:89)
at io.restassured.internal.ValidatableResponseImpl.super$2$statusCode(ValidatableResponseImpl.groovy)
at sun.reflect.GeneratedMethodAccessor144.invoke(Unknown Source)
at sun.reflect.DelegatingMethodAccessorImpl.invoke(DelegatingMethodAccessorImpl.java:43)
at java.lang.reflect.Method.invoke(Method.java:498)
at org.codehaus.groovy.reflection.CachedMethod.invoke(CachedMethod.java:101)
at groovy.lang.MetaMethod.doMethodInvoke(MetaMethod.java:323)
at groovy.lang.MetaClassImpl.invokeMethod(MetaClassImpl.java:1217)
at org.codehaus.groovy.runtime.ScriptBytecodeAdapter.invokeMethodOnSuperN(ScriptBytecodeAdapter.java:144)
at io.restassured.internal.ValidatableResponseImpl.statusCode(ValidatableResponseImpl.groovy:142)
at io.restassured.internal.ValidatableResponseImpl.statusCode(ValidatableResponseImpl.groovy)
at com.volvo.gloria.RequestListOverview.RequestListOverviewTest.GetRequestListOverviewSites(RequestListOverviewTest.java:72)
at sun.reflect.NativeMethodAccessorImpl.invoke0(Native Method)
at sun.reflect.NativeMethodAccessorImpl.invoke(NativeMethodAccessorImpl.java:62)
at sun.reflect.DelegatingMethodAccessorImpl.invoke(DelegatingMethodAccessorImpl.java:43)
at java.lang.reflect.Method.invoke(Method.java:498)
at org.testng.internal.MethodInvocationHelper.invokeMethod(MethodInvocationHelper.java:124)
at org.testng.internal.Invoker.invokeMethod(Invoker.java:583)
at org.testng.internal.Invoker.invokeTestMethod(Invoker.java:719)
at org.testng.internal.Invoker.invokeTestMethods(Invoker.java:989)
at org.testng.internal.TestMethodWorker.invokeTestMethods(TestMethodWorker.java:125)
at org.testng.internal.TestMethodWorker.run(TestMethodWorker.java:109)
at org.testng.TestRunner.privateRun(TestRunner.java:648)
at org.testng.TestRunner.run(TestRunner.java:505)
at org.testng.SuiteRunner.runTest(SuiteRunner.java:455)
at org.testng.SuiteRunner.runSequentially(SuiteRunner.java:450)
at org.testng.SuiteRunner.privateRun(SuiteRunner.java:415)
at org.testng.SuiteRunner.run(SuiteRunner.java:364)
at org.testng.SuiteRunnerWorker.runSuite(SuiteRunnerWorker.java:52)
at org.testng.SuiteRunnerWorker.run(SuiteRunnerWorker.java:84)
at org.testng.TestNG.runSuitesSequentially(TestNG.java:1208)
at org.testng.TestNG.runSuitesLocally(TestNG.java:1137)
at org.testng.TestNG.runSuites(TestNG.java:1049)
at org.testng.TestNG.run(TestNG.java:1017)
at org.testng.remote.AbstractRemoteTestNG.run(AbstractRemoteTestNG.java:114)
at org.testng.remote.RemoteTestNG.initAndRun(RemoteTestNG.java:251)
at org.testng.remote.RemoteTestNG.main(RemoteTestNG.java:77)
]]>
    </failure>
  </testcase> <!-- GetRequestListOverviewSites -->
  <testcase name="GetRequestListOverviewPage" time="0.667" classname="com.volvo.gloria.RequestListOverview.RequestListOverviewTest"/>
  <testcase name="GetRequestListOverviewWarehouse" time="0.423" classname="com.volvo.gloria.RequestListOverview.RequestListOverviewTest">
    <failure type="java.lang.AssertionError" message="1 expectation failed.
Response body doesn&#039;t match expectation.
Expected: a string containing &quot;[{\&quot;id\&quot;:14,\&quot;version\&quot;:2,\&quot;defaultPrinter\&quot;:13,\&quot;siteId\&quot;:\&quot;47941\&quot;,\&quot;siteCode\&quot;:\&quot;Camrett\&quot;,\&quot;siteName\&quot;:\&quot;Camrett\&quot;,\&quot;countryCode\&quot;:\&quot;US\&quot;,\&quot;companyCode\&quot;:\&quot;US10\&quot;,\&quot;address\&quot;:\&quot;Camrett Logistics, 6540 Viscoe Road,Radford,VA 24141\&quot;,\&quot;setUp\&quot;:\&quot;AISLE\&quot;,\&quot;qiSupported\&quot;:true},{\&quot;id\&quot;:8,\&quot;version\&quot;:2,\&quot;defaultPrinter\&quot;:6,\&quot;siteId\&quot;:\&quot;8374\&quot;,\&quot;siteCode\&quot;:\&quot;AGE PT\&quot;,\&quot;siteName\&quot;:\&quot;GTO Ageo Eng Assy plant/GTT Proto WS\&quot;,\&quot;countryCode\&quot;:\&quot;JP\&quot;,\&quot;companyCode\&quot;:\&quot;JP40\&quot;,\&quot;address\&quot;:\&quot;Street 1-1 Postal Code 362-8523, AGEO-SHI\&quot;,\&quot;setUp\&quot;:\&quot;ROW\&quot;,\&quot;qiSupported\&quot;:true},{\&quot;id\&quot;:15,\&quot;version\&quot;:1,\&quot;defaultPrinter\&quot;:24,\&quot;siteId\&quot;:\&quot;37837\&quot;,\&quot;siteCode\&quot;:\&quot;37837\&quot;,\&quot;siteName\&quot;:\&quot;GTT Australia proto WS\&quot;,\&quot;countryCode\&quot;:\&quot;AU\&quot;,\&quot;companyCode\&quot;:\&quot;AU04\&quot;,\&quot;address\&quot;:\&quot;Volvo Group Trucks Technology,36 Viking Drive,Wacol QLD 4076, Australia\&quot;,\&quot;setUp\&quot;:\&quot;ROW\&quot;,\&quot;qiSupported\&quot;:false},{\&quot;id\&quot;:3,\&quot;version\&quot;:1,\&quot;defaultPrinter\&quot;:0,\&quot;siteId\&quot;:\&quot;36012\&quot;,\&quot;siteCode\&quot;:\&quot;BL Gare X2\&quot;,\&quot;siteName\&quot;:\&quot;GTT Blainville Gare X2\&quot;,\&quot;countryCode\&quot;:\&quot;FR\&quot;,\&quot;companyCode\&quot;:\&quot;FR46\&quot;,\&quot;address\&quot;:\&quot;rue du Canal, 14550, BLAINVILLE-SUR-ORNE\&quot;,\&quot;setUp\&quot;:\&quot;ROW\&quot;,\&quot;qiSupported\&quot;:false},{\&quot;id\&quot;:6,\&quot;version\&quot;:2,\&quot;defaultPrinter\&quot;:2,\&quot;siteId\&quot;:\&quot;47670\&quot;,\&quot;siteCode\&quot;:\&quot;CUR BLCW\&quot;,\&quot;siteName\&quot;:\&quot;GTT Curitiba Prototype Warehouse\&quot;,\&quot;countryCode\&quot;:\&quot;BR\&quot;,\&quot;companyCode\&quot;:\&quot;BR03\&quot;,\&quot;address\&quot;:\&quot;Av. Juscelino K de Oliveira, 2600, CURITIBA\&quot;,\&quot;setUp\&quot;:\&quot;AISLE\&quot;,\&quot;qiSupported\&quot;:true},{\&quot;id\&quot;:13,\&quot;version\&quot;:2,\&quot;defaultPrinter\&quot;:0,\&quot;siteId\&quot;:\&quot;4042\&quot;,\&quot;siteCode\&quot;:\&quot;GSO\&quot;,\&quot;siteName\&quot;:\&quot;GTT Greensboro Proto WS\&quot;,\&quot;countryCode\&quot;:\&quot;US\&quot;,\&quot;companyCode\&quot;:\&quot;US10\&quot;,\&quot;address\&quot;:\&quot;661 Brigham Road, Suite 100, NC-27409, Greensboro,United States\&quot;,\&quot;setUp\&quot;:\&quot;AISLE\&quot;,\&quot;qiSupported\&quot;:true},{\&quot;id\&quot;:7,\&quot;version\&quot;:2,\&quot;defaultPrinter\&quot;:5,\&quot;siteId\&quot;:\&quot;45907\&quot;,\&quot;siteCode\&quot;:\&quot;HAG PP\&quot;,\&quot;siteName\&quot;:\&quot;GTT Hagerstown Proto warehouse\&quot;,\&quot;countryCode\&quot;:\&quot;US\&quot;,\&quot;companyCode\&quot;:\&quot;US45\&quot;,\&quot;address\&quot;:\&quot;Drop Area B-3, 13302 Pennsylvania Avenue, 21742 HAGERSTOWN\&quot;,\&quot;setUp\&quot;:\&quot;AISLE\&quot;,\&quot;qiSupported\&quot;:true},{\&quot;id\&quot;:5,\&quot;version\&quot;:2,\&quot;defaultPrinter\&quot;:3,\&quot;siteId\&quot;:\&quot;42102\&quot;,\&quot;siteCode\&quot;:\&quot;GTT BLR\&quot;,\&quot;siteName\&quot;:\&quot;GTT Hoskote Proto WS\&quot;,\&quot;countryCode\&quot;:\&quot;IN\&quot;,\&quot;companyCode\&quot;:\&quot;IN01\&quot;,\&quot;address\&quot;:\&quot;Yalachahally,Taverekere Post, Hosakote\&quot;,\&quot;setUp\&quot;:\&quot;ROW\&quot;,\&quot;qiSupported\&quot;:true},{\&quot;id\&quot;:10,\&quot;version\&quot;:8,\&quot;defaultPrinter\&quot;:16,\&quot;siteId\&quot;:\&quot;1722\&quot;,\&quot;siteCode\&quot;:\&quot;PE Lundby\&quot;,\&quot;siteName\&quot;:\&quot;GTT Lundby (O, UV) Proto WS\&quot;,\&quot;countryCode\&quot;:\&quot;SE\&quot;,\&quot;companyCode\&quot;:\&quot;SE04\&quot;,\&quot;address\&quot;:\&quot;Lundby \&quot;,\&quot;setUp\&quot;:\&quot;ROW\&quot;,\&quot;qiSupported\&quot;:true},{\&quot;id\&quot;:12,\&quot;version\&quot;:3,\&quot;defaultPrinter\&quot;:14,\&quot;siteId\&quot;:\&quot;664\&quot;,\&quot;siteCode\&quot;:\&quot;N5\&quot;,\&quot;siteName\&quot;:\&quot;GTT Lundby, Prototype warehouse (N5)\&quot;,\&quot;countryCode\&quot;:\&quot;SE\&quot;,\&quot;companyCode\&quot;:\&quot;SE04\&quot;,\&quot;address\&quot;:\&quot;Volvo Trucks Corperation, GTT Lundby, Prototype warehouse N5/187 John Bunyans v?g 3, SE-41729, G?teborg Sweden\&quot;,\&quot;setUp\&quot;:\&quot;ROW\&quot;,\&quot;qiSupported\&quot;:true},{\&quot;id\&quot;:11,\&quot;version\&quot;:2,\&quot;defaultPrinter\&quot;:10,\&quot;siteId\&quot;:\&quot;2919\&quot;,\&quot;siteCode\&quot;:\&quot;MAL\&quot;,\&quot;siteName\&quot;:\&quot;GTT Malm? Prototype workshop\&quot;,\&quot;countryCode\&quot;:\&quot;SE\&quot;,\&quot;companyCode\&quot;:\&quot;SE04\&quot;,\&quot;address\&quot;:\&quot;Volvo Powertrain AB, J?gershillgatan 22, 213 75 MALM?\&quot;,\&quot;setUp\&quot;:\&quot;ROW\&quot;,\&quot;qiSupported\&quot;:true},{\&quot;id\&quot;:2,\&quot;version\&quot;:2,\&quot;defaultPrinter\&quot;:1,\&quot;siteId\&quot;:\&quot;34347\&quot;,\&quot;siteCode\&quot;:\&quot;LY Gare 54\&quot;,\&quot;siteName\&quot;:\&quot;GTT Saint-Priest Gare 54 Prototype warehouse\&quot;,\&quot;countryCode\&quot;:\&quot;FR\&quot;,\&quot;companyCode\&quot;:\&quot;FR46\&quot;,\&quot;address\&quot;:\&quot;1 Av Henri Germain Postal Code 69802 SAINT-PRIEST CEDEX\&quot;,\&quot;setUp\&quot;:\&quot;ROW\&quot;,\&quot;qiSupported\&quot;:true},{\&quot;id\&quot;:1,\&quot;version\&quot;:1,\&quot;defaultPrinter\&quot;:0,\&quot;siteId\&quot;:\&quot;34331\&quot;,\&quot;siteCode\&quot;:\&quot;LY GARE 55\&quot;,\&quot;siteName\&quot;:\&quot;GTT Saint-Priest Gare 55\&quot;,\&quot;countryCode\&quot;:\&quot;FR\&quot;,\&quot;companyCode\&quot;:\&quot;FR46\&quot;,\&quot;address\&quot;:\&quot;Renault trucks gare 55, 99 route de Lyon, 69806, SAINT PRIEST\&quot;,\&quot;setUp\&quot;:\&quot;ROW\&quot;,\&quot;qiSupported\&quot;:false},{\&quot;id\&quot;:4,\&quot;version\&quot;:1,\&quot;defaultPrinter\&quot;:0,\&quot;siteId\&quot;:\&quot;40382\&quot;,\&quot;siteCode\&quot;:\&quot;LY Gare C8\&quot;,\&quot;siteName\&quot;:\&quot;GTT Saint-Priest Gare C8\&quot;,\&quot;countryCode\&quot;:\&quot;FR\&quot;,\&quot;companyCode\&quot;:\&quot;FR46\&quot;,\&quot;address\&quot;:\&quot;Renault Trucks gare C8, 99 route de Lyon, 69806, SAINT PRIEST\&quot;,\&quot;setUp\&quot;:\&quot;ROW\&quot;,\&quot;qiSupported\&quot;:false},{\&quot;id\&quot;:9,\&quot;version\&quot;:2,\&quot;defaultPrinter\&quot;:9,\&quot;siteId\&quot;:\&quot;1620\&quot;,\&quot;siteCode\&quot;:\&quot;SKO PP\&quot;,\&quot;siteName\&quot;:\&quot;GTT Sk?vde Proto\&quot;,\&quot;countryCode\&quot;:\&quot;SE\&quot;,\&quot;companyCode\&quot;:\&quot;SE04\&quot;,\&quot;address\&quot;:\&quot;Volvov?gen 5 F-Port, 541 87 SK?VDE\&quot;,\&quot;setUp\&quot;:\&quot;ROW\&quot;,\&quot;qiSupported\&quot;:true}]&quot;
  Actual: [{&quot;id&quot;:14,&quot;version&quot;:2,&quot;defaultPrinter&quot;:13,&quot;siteId&quot;:&quot;47941&quot;,&quot;siteCode&quot;:&quot;Camrett&quot;,&quot;siteName&quot;:&quot;Camrett&quot;,&quot;countryCode&quot;:&quot;US&quot;,&quot;companyCode&quot;:&quot;US10&quot;,&quot;address&quot;:&quot;Camrett Logistics, 6540 Viscoe Road,Radford,VA 24141&quot;,&quot;setUp&quot;:&quot;AISLE&quot;,&quot;qiSupported&quot;:true},{&quot;id&quot;:8,&quot;version&quot;:2,&quot;defaultPrinter&quot;:6,&quot;siteId&quot;:&quot;8374&quot;,&quot;siteCode&quot;:&quot;AGE PT&quot;,&quot;siteName&quot;:&quot;GTO Ageo Eng Assy plant/GTT Proto WS&quot;,&quot;countryCode&quot;:&quot;JP&quot;,&quot;companyCode&quot;:&quot;JP40&quot;,&quot;address&quot;:&quot;Street 1-1 Postal Code 362-8523, AGEO-SHI&quot;,&quot;setUp&quot;:&quot;ROW&quot;,&quot;qiSupported&quot;:true},{&quot;id&quot;:15,&quot;version&quot;:1,&quot;defaultPrinter&quot;:24,&quot;siteId&quot;:&quot;37837&quot;,&quot;siteCode&quot;:&quot;37837&quot;,&quot;siteName&quot;:&quot;GTT Australia proto WS&quot;,&quot;countryCode&quot;:&quot;AU&quot;,&quot;companyCode&quot;:&quot;AU04&quot;,&quot;address&quot;:&quot;Volvo Group Trucks Technology,36 Viking Drive,Wacol QLD 4076, Australia&quot;,&quot;setUp&quot;:&quot;ROW&quot;,&quot;qiSupported&quot;:false},{&quot;id&quot;:3,&quot;version&quot;:1,&quot;defaultPrinter&quot;:0,&quot;siteId&quot;:&quot;36012&quot;,&quot;siteCode&quot;:&quot;BL Gare X2&quot;,&quot;siteName&quot;:&quot;GTT Blainville Gare X2&quot;,&quot;countryCode&quot;:&quot;FR&quot;,&quot;companyCode&quot;:&quot;FR46&quot;,&quot;address&quot;:&quot;rue du Canal, 14550, BLAINVILLE-SUR-ORNE&quot;,&quot;setUp&quot;:&quot;ROW&quot;,&quot;qiSupported&quot;:false},{&quot;id&quot;:6,&quot;version&quot;:2,&quot;defaultPrinter&quot;:2,&quot;siteId&quot;:&quot;47670&quot;,&quot;siteCode&quot;:&quot;CUR BLCW&quot;,&quot;siteName&quot;:&quot;GTT Curitiba Prototype Warehouse&quot;,&quot;countryCode&quot;:&quot;BR&quot;,&quot;companyCode&quot;:&quot;BR03&quot;,&quot;address&quot;:&quot;Av. Juscelino K de Oliveira, 2600, CURITIBA&quot;,&quot;setUp&quot;:&quot;AISLE&quot;,&quot;qiSupported&quot;:true},{&quot;id&quot;:13,&quot;version&quot;:2,&quot;defaultPrinter&quot;:0,&quot;siteId&quot;:&quot;4042&quot;,&quot;siteCode&quot;:&quot;GSO&quot;,&quot;siteName&quot;:&quot;GTT Greensboro Proto WS&quot;,&quot;countryCode&quot;:&quot;US&quot;,&quot;companyCode&quot;:&quot;US10&quot;,&quot;address&quot;:&quot;661 Brigham Road, Suite 100, NC-27409, Greensboro,United States&quot;,&quot;setUp&quot;:&quot;AISLE&quot;,&quot;qiSupported&quot;:true},{&quot;id&quot;:7,&quot;version&quot;:2,&quot;defaultPrinter&quot;:5,&quot;siteId&quot;:&quot;45907&quot;,&quot;siteCode&quot;:&quot;HAG PP&quot;,&quot;siteName&quot;:&quot;GTT Hagerstown Proto warehouse&quot;,&quot;countryCode&quot;:&quot;US&quot;,&quot;companyCode&quot;:&quot;US45&quot;,&quot;address&quot;:&quot;Drop Area B-3, 13302 Pennsylvania Avenue, 21742 HAGERSTOWN&quot;,&quot;setUp&quot;:&quot;AISLE&quot;,&quot;qiSupported&quot;:true},{&quot;id&quot;:5,&quot;version&quot;:2,&quot;defaultPrinter&quot;:3,&quot;siteId&quot;:&quot;42102&quot;,&quot;siteCode&quot;:&quot;GTT BLR&quot;,&quot;siteName&quot;:&quot;GTT Hoskote Proto WS&quot;,&quot;countryCode&quot;:&quot;IN&quot;,&quot;companyCode&quot;:&quot;IN01&quot;,&quot;address&quot;:&quot;Yalachahally,Taverekere Post, Hosakote&quot;,&quot;setUp&quot;:&quot;ROW&quot;,&quot;qiSupported&quot;:true},{&quot;id&quot;:10,&quot;version&quot;:8,&quot;defaultPrinter&quot;:16,&quot;siteId&quot;:&quot;1722&quot;,&quot;siteCode&quot;:&quot;PE Lundby&quot;,&quot;siteName&quot;:&quot;GTT Lundby (O, UV) Proto WS&quot;,&quot;countryCode&quot;:&quot;SE&quot;,&quot;companyCode&quot;:&quot;SE04&quot;,&quot;address&quot;:&quot;Lundby &quot;,&quot;setUp&quot;:&quot;ROW&quot;,&quot;qiSupported&quot;:true},{&quot;id&quot;:12,&quot;version&quot;:3,&quot;defaultPrinter&quot;:14,&quot;siteId&quot;:&quot;664&quot;,&quot;siteCode&quot;:&quot;N5&quot;,&quot;siteName&quot;:&quot;GTT Lundby, Prototype warehouse (N5)&quot;,&quot;countryCode&quot;:&quot;SE&quot;,&quot;companyCode&quot;:&quot;SE04&quot;,&quot;address&quot;:&quot;Volvo Trucks Corperation, GTT Lundby, Prototype warehouse N5/187 John Bunyans väg 3, SE-41729, Göteborg Sweden&quot;,&quot;setUp&quot;:&quot;ROW&quot;,&quot;qiSupported&quot;:true},{&quot;id&quot;:11,&quot;version&quot;:2,&quot;defaultPrinter&quot;:10,&quot;siteId&quot;:&quot;2919&quot;,&quot;siteCode&quot;:&quot;MAL&quot;,&quot;siteName&quot;:&quot;GTT Malmö Prototype workshop&quot;,&quot;countryCode&quot;:&quot;SE&quot;,&quot;companyCode&quot;:&quot;SE04&quot;,&quot;address&quot;:&quot;Volvo Powertrain AB, Jägershillgatan 22, 213 75 MALMÖ&quot;,&quot;setUp&quot;:&quot;ROW&quot;,&quot;qiSupported&quot;:true},{&quot;id&quot;:2,&quot;version&quot;:2,&quot;defaultPrinter&quot;:1,&quot;siteId&quot;:&quot;34347&quot;,&quot;siteCode&quot;:&quot;LY Gare 54&quot;,&quot;siteName&quot;:&quot;GTT Saint-Priest Gare 54 Prototype warehouse&quot;,&quot;countryCode&quot;:&quot;FR&quot;,&quot;companyCode&quot;:&quot;FR46&quot;,&quot;address&quot;:&quot;1 Av Henri Germain Postal Code 69802 SAINT-PRIEST CEDEX&quot;,&quot;setUp&quot;:&quot;ROW&quot;,&quot;qiSupported&quot;:true},{&quot;id&quot;:1,&quot;version&quot;:1,&quot;defaultPrinter&quot;:0,&quot;siteId&quot;:&quot;34331&quot;,&quot;siteCode&quot;:&quot;LY GARE 55&quot;,&quot;siteName&quot;:&quot;GTT Saint-Priest Gare 55&quot;,&quot;countryCode&quot;:&quot;FR&quot;,&quot;companyCode&quot;:&quot;FR46&quot;,&quot;address&quot;:&quot;Renault trucks gare 55, 99 route de Lyon, 69806, SAINT PRIEST&quot;,&quot;setUp&quot;:&quot;ROW&quot;,&quot;qiSupported&quot;:false},{&quot;id&quot;:4,&quot;version&quot;:1,&quot;defaultPrinter&quot;:0,&quot;siteId&quot;:&quot;40382&quot;,&quot;siteCode&quot;:&quot;LY Gare C8&quot;,&quot;siteName&quot;:&quot;GTT Saint-Priest Gare C8&quot;,&quot;countryCode&quot;:&quot;FR&quot;,&quot;companyCode&quot;:&quot;FR46&quot;,&quot;address&quot;:&quot;Renault Trucks gare C8, 99 route de Lyon, 69806, SAINT PRIEST&quot;,&quot;setUp&quot;:&quot;ROW&quot;,&quot;qiSupported&quot;:false},{&quot;id&quot;:9,&quot;version&quot;:2,&quot;defaultPrinter&quot;:9,&quot;siteId&quot;:&quot;1620&quot;,&quot;siteCode&quot;:&quot;SKO PP&quot;,&quot;siteName&quot;:&quot;GTT Skövde Proto&quot;,&quot;countryCode&quot;:&quot;SE&quot;,&quot;companyCode&quot;:&quot;SE04&quot;,&quot;address&quot;:&quot;Volvovägen 5 F-Port, 541 87 SKÖVDE&quot;,&quot;setUp&quot;:&quot;ROW&quot;,&quot;qiSupported&quot;:true}]
">
      <![CDATA[java.lang.AssertionError: 1 expectation failed.
Response body doesn't match expectation.
Expected: a string containing "[{\"id\":14,\"version\":2,\"defaultPrinter\":13,\"siteId\":\"47941\",\"siteCode\":\"Camrett\",\"siteName\":\"Camrett\",\"countryCode\":\"US\",\"companyCode\":\"US10\",\"address\":\"Camrett Logistics, 6540 Viscoe Road,Radford,VA 24141\",\"setUp\":\"AISLE\",\"qiSupported\":true},{\"id\":8,\"version\":2,\"defaultPrinter\":6,\"siteId\":\"8374\",\"siteCode\":\"AGE PT\",\"siteName\":\"GTO Ageo Eng Assy plant/GTT Proto WS\",\"countryCode\":\"JP\",\"companyCode\":\"JP40\",\"address\":\"Street 1-1 Postal Code 362-8523, AGEO-SHI\",\"setUp\":\"ROW\",\"qiSupported\":true},{\"id\":15,\"version\":1,\"defaultPrinter\":24,\"siteId\":\"37837\",\"siteCode\":\"37837\",\"siteName\":\"GTT Australia proto WS\",\"countryCode\":\"AU\",\"companyCode\":\"AU04\",\"address\":\"Volvo Group Trucks Technology,36 Viking Drive,Wacol QLD 4076, Australia\",\"setUp\":\"ROW\",\"qiSupported\":false},{\"id\":3,\"version\":1,\"defaultPrinter\":0,\"siteId\":\"36012\",\"siteCode\":\"BL Gare X2\",\"siteName\":\"GTT Blainville Gare X2\",\"countryCode\":\"FR\",\"companyCode\":\"FR46\",\"address\":\"rue du Canal, 14550, BLAINVILLE-SUR-ORNE\",\"setUp\":\"ROW\",\"qiSupported\":false},{\"id\":6,\"version\":2,\"defaultPrinter\":2,\"siteId\":\"47670\",\"siteCode\":\"CUR BLCW\",\"siteName\":\"GTT Curitiba Prototype Warehouse\",\"countryCode\":\"BR\",\"companyCode\":\"BR03\",\"address\":\"Av. Juscelino K de Oliveira, 2600, CURITIBA\",\"setUp\":\"AISLE\",\"qiSupported\":true},{\"id\":13,\"version\":2,\"defaultPrinter\":0,\"siteId\":\"4042\",\"siteCode\":\"GSO\",\"siteName\":\"GTT Greensboro Proto WS\",\"countryCode\":\"US\",\"companyCode\":\"US10\",\"address\":\"661 Brigham Road, Suite 100, NC-27409, Greensboro,United States\",\"setUp\":\"AISLE\",\"qiSupported\":true},{\"id\":7,\"version\":2,\"defaultPrinter\":5,\"siteId\":\"45907\",\"siteCode\":\"HAG PP\",\"siteName\":\"GTT Hagerstown Proto warehouse\",\"countryCode\":\"US\",\"companyCode\":\"US45\",\"address\":\"Drop Area B-3, 13302 Pennsylvania Avenue, 21742 HAGERSTOWN\",\"setUp\":\"AISLE\",\"qiSupported\":true},{\"id\":5,\"version\":2,\"defaultPrinter\":3,\"siteId\":\"42102\",\"siteCode\":\"GTT BLR\",\"siteName\":\"GTT Hoskote Proto WS\",\"countryCode\":\"IN\",\"companyCode\":\"IN01\",\"address\":\"Yalachahally,Taverekere Post, Hosakote\",\"setUp\":\"ROW\",\"qiSupported\":true},{\"id\":10,\"version\":8,\"defaultPrinter\":16,\"siteId\":\"1722\",\"siteCode\":\"PE Lundby\",\"siteName\":\"GTT Lundby (O, UV) Proto WS\",\"countryCode\":\"SE\",\"companyCode\":\"SE04\",\"address\":\"Lundby \",\"setUp\":\"ROW\",\"qiSupported\":true},{\"id\":12,\"version\":3,\"defaultPrinter\":14,\"siteId\":\"664\",\"siteCode\":\"N5\",\"siteName\":\"GTT Lundby, Prototype warehouse (N5)\",\"countryCode\":\"SE\",\"companyCode\":\"SE04\",\"address\":\"Volvo Trucks Corperation, GTT Lundby, Prototype warehouse N5/187 John Bunyans v?g 3, SE-41729, G?teborg Sweden\",\"setUp\":\"ROW\",\"qiSupported\":true},{\"id\":11,\"version\":2,\"defaultPrinter\":10,\"siteId\":\"2919\",\"siteCode\":\"MAL\",\"siteName\":\"GTT Malm? Prototype workshop\",\"countryCode\":\"SE\",\"companyCode\":\"SE04\",\"address\":\"Volvo Powertrain AB, J?gershillgatan 22, 213 75 MALM?\",\"setUp\":\"ROW\",\"qiSupported\":true},{\"id\":2,\"version\":2,\"defaultPrinter\":1,\"siteId\":\"34347\",\"siteCode\":\"LY Gare 54\",\"siteName\":\"GTT Saint-Priest Gare 54 Prototype warehouse\",\"countryCode\":\"FR\",\"companyCode\":\"FR46\",\"address\":\"1 Av Henri Germain Postal Code 69802 SAINT-PRIEST CEDEX\",\"setUp\":\"ROW\",\"qiSupported\":true},{\"id\":1,\"version\":1,\"defaultPrinter\":0,\"siteId\":\"34331\",\"siteCode\":\"LY GARE 55\",\"siteName\":\"GTT Saint-Priest Gare 55\",\"countryCode\":\"FR\",\"companyCode\":\"FR46\",\"address\":\"Renault trucks gare 55, 99 route de Lyon, 69806, SAINT PRIEST\",\"setUp\":\"ROW\",\"qiSupported\":false},{\"id\":4,\"version\":1,\"defaultPrinter\":0,\"siteId\":\"40382\",\"siteCode\":\"LY Gare C8\",\"siteName\":\"GTT Saint-Priest Gare C8\",\"countryCode\":\"FR\",\"companyCode\":\"FR46\",\"address\":\"Renault Trucks gare C8, 99 route de Lyon, 69806, SAINT PRIEST\",\"setUp\":\"ROW\",\"qiSupported\":false},{\"id\":9,\"version\":2,\"defaultPrinter\":9,\"siteId\":\"1620\",\"siteCode\":\"SKO PP\",\"siteName\":\"GTT Sk?vde Proto\",\"countryCode\":\"SE\",\"companyCode\":\"SE04\",\"address\":\"Volvov?gen 5 F-Port, 541 87 SK?VDE\",\"setUp\":\"ROW\",\"qiSupported\":true}]"
  Actual: [{"id":14,"version":2,"defaultPrinter":13,"siteId":"47941","siteCode":"Camrett","siteName":"Camrett","countryCode":"US","companyCode":"US10","address":"Camrett Logistics, 6540 Viscoe Road,Radford,VA 24141","setUp":"AISLE","qiSupported":true},{"id":8,"version":2,"defaultPrinter":6,"siteId":"8374","siteCode":"AGE PT","siteName":"GTO Ageo Eng Assy plant/GTT Proto WS","countryCode":"JP","companyCode":"JP40","address":"Street 1-1 Postal Code 362-8523, AGEO-SHI","setUp":"ROW","qiSupported":true},{"id":15,"version":1,"defaultPrinter":24,"siteId":"37837","siteCode":"37837","siteName":"GTT Australia proto WS","countryCode":"AU","companyCode":"AU04","address":"Volvo Group Trucks Technology,36 Viking Drive,Wacol QLD 4076, Australia","setUp":"ROW","qiSupported":false},{"id":3,"version":1,"defaultPrinter":0,"siteId":"36012","siteCode":"BL Gare X2","siteName":"GTT Blainville Gare X2","countryCode":"FR","companyCode":"FR46","address":"rue du Canal, 14550, BLAINVILLE-SUR-ORNE","setUp":"ROW","qiSupported":false},{"id":6,"version":2,"defaultPrinter":2,"siteId":"47670","siteCode":"CUR BLCW","siteName":"GTT Curitiba Prototype Warehouse","countryCode":"BR","companyCode":"BR03","address":"Av. Juscelino K de Oliveira, 2600, CURITIBA","setUp":"AISLE","qiSupported":true},{"id":13,"version":2,"defaultPrinter":0,"siteId":"4042","siteCode":"GSO","siteName":"GTT Greensboro Proto WS","countryCode":"US","companyCode":"US10","address":"661 Brigham Road, Suite 100, NC-27409, Greensboro,United States","setUp":"AISLE","qiSupported":true},{"id":7,"version":2,"defaultPrinter":5,"siteId":"45907","siteCode":"HAG PP","siteName":"GTT Hagerstown Proto warehouse","countryCode":"US","companyCode":"US45","address":"Drop Area B-3, 13302 Pennsylvania Avenue, 21742 HAGERSTOWN","setUp":"AISLE","qiSupported":true},{"id":5,"version":2,"defaultPrinter":3,"siteId":"42102","siteCode":"GTT BLR","siteName":"GTT Hoskote Proto WS","countryCode":"IN","companyCode":"IN01","address":"Yalachahally,Taverekere Post, Hosakote","setUp":"ROW","qiSupported":true},{"id":10,"version":8,"defaultPrinter":16,"siteId":"1722","siteCode":"PE Lundby","siteName":"GTT Lundby (O, UV) Proto WS","countryCode":"SE","companyCode":"SE04","address":"Lundby ","setUp":"ROW","qiSupported":true},{"id":12,"version":3,"defaultPrinter":14,"siteId":"664","siteCode":"N5","siteName":"GTT Lundby, Prototype warehouse (N5)","countryCode":"SE","companyCode":"SE04","address":"Volvo Trucks Corperation, GTT Lundby, Prototype warehouse N5/187 John Bunyans väg 3, SE-41729, Göteborg Sweden","setUp":"ROW","qiSupported":true},{"id":11,"version":2,"defaultPrinter":10,"siteId":"2919","siteCode":"MAL","siteName":"GTT Malmö Prototype workshop","countryCode":"SE","companyCode":"SE04","address":"Volvo Powertrain AB, Jägershillgatan 22, 213 75 MALMÖ","setUp":"ROW","qiSupported":true},{"id":2,"version":2,"defaultPrinter":1,"siteId":"34347","siteCode":"LY Gare 54","siteName":"GTT Saint-Priest Gare 54 Prototype warehouse","countryCode":"FR","companyCode":"FR46","address":"1 Av Henri Germain Postal Code 69802 SAINT-PRIEST CEDEX","setUp":"ROW","qiSupported":true},{"id":1,"version":1,"defaultPrinter":0,"siteId":"34331","siteCode":"LY GARE 55","siteName":"GTT Saint-Priest Gare 55","countryCode":"FR","companyCode":"FR46","address":"Renault trucks gare 55, 99 route de Lyon, 69806, SAINT PRIEST","setUp":"ROW","qiSupported":false},{"id":4,"version":1,"defaultPrinter":0,"siteId":"40382","siteCode":"LY Gare C8","siteName":"GTT Saint-Priest Gare C8","countryCode":"FR","companyCode":"FR46","address":"Renault Trucks gare C8, 99 route de Lyon, 69806, SAINT PRIEST","setUp":"ROW","qiSupported":false},{"id":9,"version":2,"defaultPrinter":9,"siteId":"1620","siteCode":"SKO PP","siteName":"GTT Skövde Proto","countryCode":"SE","companyCode":"SE04","address":"Volvovägen 5 F-Port, 541 87 SKÖVDE","setUp":"ROW","qiSupported":true}]

at sun.reflect.GeneratedConstructorAccessor69.newInstance(Unknown Source)
at sun.reflect.DelegatingConstructorAccessorImpl.newInstance(DelegatingConstructorAccessorImpl.java:45)
at java.lang.reflect.Constructor.newInstance(Constructor.java:423)
at org.codehaus.groovy.reflection.CachedConstructor.invoke(CachedConstructor.java:80)
at org.codehaus.groovy.reflection.CachedConstructor.doConstructorInvoke(CachedConstructor.java:74)
at org.codehaus.groovy.runtime.callsite.ConstructorSite$ConstructorSiteNoUnwrap.callConstructor(ConstructorSite.java:84)
at org.codehaus.groovy.runtime.callsite.AbstractCallSite.callConstructor(AbstractCallSite.java:249)
at io.restassured.internal.ResponseSpecificationImpl$HamcrestAssertionClosure.validate(ResponseSpecificationImpl.groovy:493)
at io.restassured.internal.ResponseSpecificationImpl$HamcrestAssertionClosure$validate$1.call(Unknown Source)
at io.restassured.internal.ResponseSpecificationImpl.validateResponseIfRequired(ResponseSpecificationImpl.groovy:674)
at sun.reflect.GeneratedMethodAccessor64.invoke(Unknown Source)
at sun.reflect.DelegatingMethodAccessorImpl.invoke(DelegatingMethodAccessorImpl.java:43)
at java.lang.reflect.Method.invoke(Method.java:498)
at org.codehaus.groovy.runtime.callsite.PlainObjectMetaMethodSite.doInvoke(PlainObjectMetaMethodSite.java:43)
at org.codehaus.groovy.runtime.callsite.PogoMetaMethodSite$PogoCachedMethodSiteNoUnwrapNoCoerce.invoke(PogoMetaMethodSite.java:190)
at org.codehaus.groovy.runtime.callsite.PogoMetaMethodSite.callCurrent(PogoMetaMethodSite.java:58)
at org.codehaus.groovy.runtime.callsite.AbstractCallSite.callCurrent(AbstractCallSite.java:168)
at io.restassured.internal.ResponseSpecificationImpl.body(ResponseSpecificationImpl.groovy:98)
at io.restassured.internal.ValidatableResponseOptionsImpl.body(ValidatableResponseOptionsImpl.java:238)
at io.restassured.internal.ValidatableResponseImpl.super$2$body(ValidatableResponseImpl.groovy)
at sun.reflect.NativeMethodAccessorImpl.invoke0(Native Method)
at sun.reflect.NativeMethodAccessorImpl.invoke(NativeMethodAccessorImpl.java:62)
at sun.reflect.DelegatingMethodAccessorImpl.invoke(DelegatingMethodAccessorImpl.java:43)
at java.lang.reflect.Method.invoke(Method.java:498)
at org.codehaus.groovy.reflection.CachedMethod.invoke(CachedMethod.java:101)
at groovy.lang.MetaMethod.doMethodInvoke(MetaMethod.java:323)
at groovy.lang.MetaClassImpl.invokeMethod(MetaClassImpl.java:1217)
at org.codehaus.groovy.runtime.ScriptBytecodeAdapter.invokeMethodOnSuperN(ScriptBytecodeAdapter.java:144)
at io.restassured.internal.ValidatableResponseImpl.body(ValidatableResponseImpl.groovy:293)
at io.restassured.internal.ValidatableResponseImpl.body(ValidatableResponseImpl.groovy)
at com.volvo.gloria.RequestListOverview.RequestListOverviewTest.GetRequestListOverviewWarehouse(RequestListOverviewTest.java:35)
at sun.reflect.NativeMethodAccessorImpl.invoke0(Native Method)
at sun.reflect.NativeMethodAccessorImpl.invoke(NativeMethodAccessorImpl.java:62)
at sun.reflect.DelegatingMethodAccessorImpl.invoke(DelegatingMethodAccessorImpl.java:43)
at java.lang.reflect.Method.invoke(Method.java:498)
at org.testng.internal.MethodInvocationHelper.invokeMethod(MethodInvocationHelper.java:124)
at org.testng.internal.Invoker.invokeMethod(Invoker.java:583)
at org.testng.internal.Invoker.invokeTestMethod(Invoker.java:719)
at org.testng.internal.Invoker.invokeTestMethods(Invoker.java:989)
at org.testng.internal.TestMethodWorker.invokeTestMethods(TestMethodWorker.java:125)
at org.testng.internal.TestMethodWorker.run(TestMethodWorker.java:109)
at org.testng.TestRunner.privateRun(TestRunner.java:648)
at org.testng.TestRunner.run(TestRunner.java:505)
at org.testng.SuiteRunner.runTest(SuiteRunner.java:455)
at org.testng.SuiteRunner.runSequentially(SuiteRunner.java:450)
at org.testng.SuiteRunner.privateRun(SuiteRunner.java:415)
at org.testng.SuiteRunner.run(SuiteRunner.java:364)
at org.testng.SuiteRunnerWorker.runSuite(SuiteRunnerWorker.java:52)
at org.testng.SuiteRunnerWorker.run(SuiteRunnerWorker.java:84)
at org.testng.TestNG.runSuitesSequentially(TestNG.java:1208)
at org.testng.TestNG.runSuitesLocally(TestNG.java:1137)
at org.testng.TestNG.runSuites(TestNG.java:1049)
at org.testng.TestNG.run(TestNG.java:1017)
at org.testng.remote.AbstractRemoteTestNG.run(AbstractRemoteTestNG.java:114)
at org.testng.remote.RemoteTestNG.initAndRun(RemoteTestNG.java:251)
at org.testng.remote.RemoteTestNG.main(RemoteTestNG.java:77)
]]>
    </failure>
  </testcase> <!-- GetRequestListOverviewWarehouse -->
</testsuite> <!-- com.volvo.gloria.RequestListOverview.RequestListOverviewTest -->
