<?xml version="1.0" encoding="UTF-8"?>
<!-- Generated by org.testng.reporters.JUnitReportReporter -->
<testsuite skipped="0" hostname="INBLRWIT238540" name="com.volvo.gloria.CreateMaterialRequest.MaterialRequestOverviewPageTest" tests="2" failures="0" timestamp="06 Mar 2020 14:07:27 GMT" time="3.651" errors="0">
  <testcase name="GetMaterialRequestLinesTest" time="0.711" classname="com.volvo.gloria.CreateMaterialRequest.MaterialRequestOverviewPageTest"/>
  <testcase name="GetMaterialRequestTeamMembers" time="2.940" classname="com.volvo.gloria.CreateMaterialRequest.MaterialRequestOverviewPageTest"/>
</testsuite> <!-- com.volvo.gloria.CreateMaterialRequest.MaterialRequestOverviewPageTest -->
