<?xml version="1.0" encoding="UTF-8"?>
<!-- Generated by org.testng.reporters.JUnitReportReporter -->
<testsuite skipped="0" hostname="INBLRWIT238540" name="com.volvo.gloria.Procurement.InboxTest" tests="23" failures="0" timestamp="06 Mar 2020 14:07:27 GMT" time="8.801" errors="0">
  <testcase name="GETInboxAlertonProcurementTest" time="0.361" classname="com.volvo.gloria.Procurement.InboxTest"/>
  <testcase name="GETInboxAlertonProcurementTest" time="0.375" classname="com.volvo.gloria.Procurement.InboxTest"/>
  <testcase name="GETInboxProcurementTeamsTest" time="0.391" classname="com.volvo.gloria.Procurement.InboxTest"/>
  <testcase name="GETInboxAlertChangeTest" time="0.404" classname="com.volvo.gloria.Procurement.InboxTest"/>
  <testcase name="GETInboxAlertChangeTest" time="0.404" classname="com.volvo.gloria.Procurement.InboxTest"/>
  <testcase name="GETInboxAlertonProcurementTest" time="0.362" classname="com.volvo.gloria.Procurement.InboxTest"/>
  <testcase name="GETInboxSearchMTRID" time="0.210" classname="com.volvo.gloria.Procurement.InboxTest"/>
  <testcase name="GETInboxAlertonProcurementTest" time="0.359" classname="com.volvo.gloria.Procurement.InboxTest"/>
  <testcase name="GETInboxProcurementTest" time="0.405" classname="com.volvo.gloria.Procurement.InboxTest"/>
  <testcase name="GETInboxAlertonProcurementTest" time="0.379" classname="com.volvo.gloria.Procurement.InboxTest"/>
  <testcase name="GETInboxAlertChangeTest" time="0.434" classname="com.volvo.gloria.Procurement.InboxTest"/>
  <testcase name="GETInboxAlertonProcurementTest" time="0.369" classname="com.volvo.gloria.Procurement.InboxTest"/>
  <testcase name="GETInboxAlertonProcurementTest" time="0.363" classname="com.volvo.gloria.Procurement.InboxTest"/>
  <testcase name="GETInboxAlertonProcurementTest" time="0.372" classname="com.volvo.gloria.Procurement.InboxTest"/>
  <testcase name="GETInboxAlertChangeTest" time="0.529" classname="com.volvo.gloria.Procurement.InboxTest"/>
  <testcase name="GETInboxAlertChangeTest" time="0.404" classname="com.volvo.gloria.Procurement.InboxTest"/>
  <testcase name="GETInboxAlertChangeTest" time="0.376" classname="com.volvo.gloria.Procurement.InboxTest"/>
  <testcase name="GETInboxAlertChangeTest" time="0.441" classname="com.volvo.gloria.Procurement.InboxTest"/>
  <testcase name="GETInboxAlertonProcurementTest" time="0.369" classname="com.volvo.gloria.Procurement.InboxTest"/>
  <testcase name="GETInboxAlertChangeTest" time="0.371" classname="com.volvo.gloria.Procurement.InboxTest"/>
  <testcase name="GETInboxAlertChangeTest" time="0.370" classname="com.volvo.gloria.Procurement.InboxTest"/>
  <testcase name="GETInboxAlertonProcurementTest" time="0.372" classname="com.volvo.gloria.Procurement.InboxTest"/>
  <testcase name="GETInboxAlertChangeTest" time="0.381" classname="com.volvo.gloria.Procurement.InboxTest"/>
</testsuite> <!-- com.volvo.gloria.Procurement.InboxTest -->
