<?xml version="1.0" encoding="UTF-8"?>
<!-- Generated by org.testng.reporters.JUnitReportReporter -->
<testsuite skipped="0" hostname="INBLRWIT238540" name="com.volvo.gloria.Procurement.GetAlarmQtyTest" tests="37" failures="0" timestamp="11 Feb 2020 10:53:56 GMT" time="30.096" errors="0">
  <testcase name="GETProcurementAlarmQtyOrderLevelLines" time="1.180" classname="com.volvo.gloria.Procurement.GetAlarmQtyTest"/>
  <testcase name="GETProcurementAlarmQtyStockBalanceLines" time="0.536" classname="com.volvo.gloria.Procurement.GetAlarmQtyTest"/>
  <testcase name="GETProcurementAlarmQtyOrderLevelLines" time="1.985" classname="com.volvo.gloria.Procurement.GetAlarmQtyTest"/>
  <testcase name="GetZoneDetailsForWarehouse" time="0.500" classname="com.volvo.gloria.Procurement.GetAlarmQtyTest"/>
  <testcase name="GetZoneDetailsForWarehouse" time="0.332" classname="com.volvo.gloria.Procurement.GetAlarmQtyTest"/>
  <testcase name="GetZoneDetailsForWarehouse" time="0.348" classname="com.volvo.gloria.Procurement.GetAlarmQtyTest"/>
  <testcase name="GETProcurementAlarmQtyStockBalanceLines" time="0.530" classname="com.volvo.gloria.Procurement.GetAlarmQtyTest"/>
  <testcase name="GETProcurementAlarmQtyOrderLevelLines" time="2.125" classname="com.volvo.gloria.Procurement.GetAlarmQtyTest"/>
  <testcase name="GETProcurementAlarmQtyOrderLevelLines" time="1.956" classname="com.volvo.gloria.Procurement.GetAlarmQtyTest"/>
  <testcase name="GETProcurementAlarmQtyOrderLevelLines" time="1.935" classname="com.volvo.gloria.Procurement.GetAlarmQtyTest"/>
  <testcase name="GETProcurementAlarmQtyStockBalanceLines" time="0.576" classname="com.volvo.gloria.Procurement.GetAlarmQtyTest"/>
  <testcase name="GETProcurementAlarmQtyOrderLevelLines" time="1.284" classname="com.volvo.gloria.Procurement.GetAlarmQtyTest"/>
  <testcase name="GETProcurementAlarmQtyStockBalanceLines" time="0.557" classname="com.volvo.gloria.Procurement.GetAlarmQtyTest"/>
  <testcase name="GETProcurementAlarmQtyOrderLevelLines" time="1.183" classname="com.volvo.gloria.Procurement.GetAlarmQtyTest"/>
  <testcase name="GETProcurementAlarmQtyOrderLevelLines" time="1.230" classname="com.volvo.gloria.Procurement.GetAlarmQtyTest"/>
  <testcase name="GETProcurementAlarmQtyOrderLevelLines" time="1.151" classname="com.volvo.gloria.Procurement.GetAlarmQtyTest"/>
  <testcase name="GetZoneDetailsForWarehouse" time="0.504" classname="com.volvo.gloria.Procurement.GetAlarmQtyTest"/>
  <testcase name="GETProcurementAlarmQtyStockBalanceLines" time="0.549" classname="com.volvo.gloria.Procurement.GetAlarmQtyTest"/>
  <testcase name="GetZoneDetailsForWarehouse" time="0.493" classname="com.volvo.gloria.Procurement.GetAlarmQtyTest"/>
  <testcase name="GetZoneDetailsForWarehouse" time="0.487" classname="com.volvo.gloria.Procurement.GetAlarmQtyTest"/>
  <testcase name="GetZoneDetailsForWarehouse" time="0.477" classname="com.volvo.gloria.Procurement.GetAlarmQtyTest"/>
  <testcase name="GETProcurementAlarmQtyStockBalanceLines" time="1.016" classname="com.volvo.gloria.Procurement.GetAlarmQtyTest"/>
  <testcase name="GetZoneDetailsForWarehouse" time="0.490" classname="com.volvo.gloria.Procurement.GetAlarmQtyTest"/>
  <testcase name="GETProcurementAlarmQtyStockBalanceLines" time="0.601" classname="com.volvo.gloria.Procurement.GetAlarmQtyTest"/>
  <testcase name="GetZoneDetailsForWarehouse" time="0.488" classname="com.volvo.gloria.Procurement.GetAlarmQtyTest"/>
  <testcase name="GetZoneDetailsForWarehouse" time="0.494" classname="com.volvo.gloria.Procurement.GetAlarmQtyTest"/>
  <testcase name="GETProcurementAlarmQtyStockBalanceLines" time="0.534" classname="com.volvo.gloria.Procurement.GetAlarmQtyTest"/>
  <testcase name="GetZoneDetailsForWarehouse" time="0.579" classname="com.volvo.gloria.Procurement.GetAlarmQtyTest"/>
  <testcase name="GETProcurementAlarmQtyOrderLevelLines" time="1.157" classname="com.volvo.gloria.Procurement.GetAlarmQtyTest"/>
  <testcase name="GETProcurementAlarmQtyOrderLevelLines" time="1.195" classname="com.volvo.gloria.Procurement.GetAlarmQtyTest"/>
  <testcase name="GetZoneDetailsForWarehouse" time="0.504" classname="com.volvo.gloria.Procurement.GetAlarmQtyTest"/>
  <testcase name="GetZoneDetailsForWarehouse" time="0.497" classname="com.volvo.gloria.Procurement.GetAlarmQtyTest"/>
  <testcase name="GETProcurementAlarmQtyStockBalanceLines" time="0.536" classname="com.volvo.gloria.Procurement.GetAlarmQtyTest"/>
  <testcase name="GETProcurementAlarmQtyStockBalanceLines" time="0.561" classname="com.volvo.gloria.Procurement.GetAlarmQtyTest"/>
  <testcase name="GetZoneDetailsForWarehouse" time="0.485" classname="com.volvo.gloria.Procurement.GetAlarmQtyTest"/>
  <testcase name="GETProcurementAlarmQtyStockBalanceLines" time="0.568" classname="com.volvo.gloria.Procurement.GetAlarmQtyTest"/>
  <testcase name="GetZoneDetailsForWarehouse" time="0.473" classname="com.volvo.gloria.Procurement.GetAlarmQtyTest"/>
</testsuite> <!-- com.volvo.gloria.Procurement.GetAlarmQtyTest -->
