<?xml version="1.0" encoding="UTF-8"?>
<!-- Generated by org.testng.reporters.JUnitReportReporter -->
<testsuite skipped="0" hostname="INBLRWIT238540" name="com.volvo.gloria.CreateMaterialRequest.GetMaterialRequestPageTest" tests="1" failures="0" timestamp="09 Jan 2020 13:16:25 GMT" time="1.229" errors="0">
  <testcase name="GetMaterialRequestPageTest" time="1.229" classname="com.volvo.gloria.CreateMaterialRequest.GetMaterialRequestPageTest"/>
</testsuite> <!-- com.volvo.gloria.CreateMaterialRequest.GetMaterialRequestPageTest -->
